0 info it worked if it ends with ok
1 verbose cli [ '/usr/bin/node', '/usr/bin/npm', 'start' ]
2 info using npm@3.5.2
3 info using node@v8.10.0
4 verbose run-script [ 'prestart', 'start', 'poststart' ]
5 info lifecycle twitter_analysis_tool@0.1.0~prestart: twitter_analysis_tool@0.1.0
6 silly lifecycle twitter_analysis_tool@0.1.0~prestart: no script for prestart, continuing
7 info lifecycle twitter_analysis_tool@0.1.0~start: twitter_analysis_tool@0.1.0
8 verbose lifecycle twitter_analysis_tool@0.1.0~start: unsafe-perm in lifecycle true
9 verbose lifecycle twitter_analysis_tool@0.1.0~start: PATH: /usr/share/npm/bin/node-gyp-bin:/mnt/c/Users/imbry/Documents/GitHub/Twitter-Analysis-Tool/src/application_wrapper/node_modules/.bin:/usr/local/sbin:/usr/local/bin:/usr/sbin:/usr/bin:/sbin:/bin:/usr/games:/usr/local/games:/mnt/c/Program Files/WindowsApps/CanonicalGroupLimited.UbuntuonWindows_1804.2019.521.0_x64__79rhkp1fndgsc:/mnt/c/Program Files (x86)/Common Files/Oracle/Java/javapath:/mnt/c/Windows/System32:/mnt/c/Windows:/mnt/c/Windows/System32/wbem:/mnt/c/Windows/System32/WindowsPowerShell/v1.0:/mnt/c/Windows/System32/OpenSSH:/mnt/c/Program Files/Intel/WiFi/bin:/mnt/c/Program Files/Common Files/Intel/WirelessCommon:/mnt/c/Users/imbry/AppData/Local/Programs/Python/Python37-32/Scripts:/mnt/c/Users/imbry/AppData/Local/Programs/Python/Python37-32:/mnt/c/Users/imbry/AppData/Local/Microsoft/WindowsApps:/mnt/c/Users/imbry/AppData/Local/GitHubDesktop/bin:/snap/bin
10 verbose lifecycle twitter_analysis_tool@0.1.0~start: CWD: /mnt/c/Users/imbry/Documents/GitHub/Twitter-Analysis-Tool/src/application_wrapper
11 silly lifecycle twitter_analysis_tool@0.1.0~start: Args: [ '-c', 'electron .' ]
12 info lifecycle twitter_analysis_tool@0.1.0~start: Failed to exec start script
13 verbose stack Error: twitter_analysis_tool@0.1.0 start: `electron .`
13 verbose stack spawn ENOENT
13 verbose stack     at ChildProcess.<anonymous> (/usr/share/npm/lib/utils/spawn.js:17:16)
13 verbose stack     at emitTwo (events.js:126:13)
13 verbose stack     at ChildProcess.emit (events.js:214:7)
13 verbose stack     at maybeClose (internal/child_process.js:925:16)
13 verbose stack     at Process.ChildProcess._handle.onexit (internal/child_process.js:209:5)
14 verbose pkgid twitter_analysis_tool@0.1.0
15 verbose cwd /mnt/c/Users/imbry/Documents/GitHub/Twitter-Analysis-Tool/src/application_wrapper
16 error Linux 4.4.0-17763-Microsoft
17 error argv "/usr/bin/node" "/usr/bin/npm" "start"
18 error node v8.10.0
19 error npm  v3.5.2
20 error file sh
21 error code ELIFECYCLE
22 error errno ENOENT
23 error syscall spawn
24 error twitter_analysis_tool@0.1.0 start: `electron .`
24 error spawn ENOENT
25 error Failed at the twitter_analysis_tool@0.1.0 start script 'electron .'.
25 error Make sure you have the latest version of node.js and npm installed.
25 error If you do, this is most likely a problem with the twitter_analysis_tool package,
25 error not with npm itself.
25 error Tell the author that this fails on your system:
25 error     electron .
25 error You can get information on how to open an issue for this project with:
25 error     npm bugs twitter_analysis_tool
25 error Or if that isn't available, you can get their info via:
25 error     npm owner ls twitter_analysis_tool
25 error There is likely additional logging output above.
26 verbose exit [ 1, true ]
